<?xml version="1.0" encoding="UTF-8"?>
<testng-results skipped="0" failed="2" ignored="0" total="10" passed="8">
  <reporter-output>
  </reporter-output>
  <suite name="Suite" duration-ms="74128" started-at="2023-04-16T14:41:22 IST" finished-at="2023-04-16T14:42:36 IST">
    <groups>
    </groups>
    <test name="Sanity" duration-ms="50037" started-at="2023-04-16T14:41:22 IST" finished-at="2023-04-16T14:42:12 IST">
      <class name="Testcase.FacebookLoginandLogout">
        <test-method status="PASS" signature="EnterURL(java.lang.String)[pri:0, instance:Testcase.FacebookLoginandLogout@67b467e9]" name="EnterURL" is-config="true" duration-ms="3283" started-at="2023-04-16T14:41:22 IST" finished-at="2023-04-16T14:41:25 IST">
          <params>
            <param index="0">
              <value>
                <![CDATA[chrome]]>
              </value>
            </param>
          </params>
          <reporter-output>
          </reporter-output>
        </test-method> <!-- EnterURL -->
        <test-method status="PASS" signature="FacebookLoginandLogout(java.lang.String,java.lang.String)[pri:0, instance:Testcase.FacebookLoginandLogout@67b467e9]" name="FacebookLoginandLogout" duration-ms="13922" started-at="2023-04-16T14:41:26 IST" data-provider="testdata" finished-at="2023-04-16T14:41:40 IST">
          <params>
            <param index="0">
              <value>
                <![CDATA[kumar.sathish189@gmail.com]]>
              </value>
            </param>
            <param index="1">
              <value>
                <![CDATA[Admin@123]]>
              </value>
            </param>
          </params>
          <reporter-output>
          </reporter-output>
        </test-method> <!-- FacebookLoginandLogout -->
        <test-method status="PASS" signature="FacebookLoginandLogout(java.lang.String,java.lang.String)[pri:0, instance:Testcase.FacebookLoginandLogout@67b467e9]" name="FacebookLoginandLogout" duration-ms="9112" started-at="2023-04-16T14:41:40 IST" data-provider="testdata" finished-at="2023-04-16T14:41:49 IST">
          <params>
            <param index="0">
              <value>
                <![CDATA[kumar.sathish189@gmail.com]]>
              </value>
            </param>
            <param index="1">
              <value>
                <![CDATA[Admin@123]]>
              </value>
            </param>
          </params>
          <reporter-output>
          </reporter-output>
        </test-method> <!-- FacebookLoginandLogout -->
        <test-method status="PASS" signature="FacebookLoginandLogout(java.lang.String,java.lang.String)[pri:0, instance:Testcase.FacebookLoginandLogout@67b467e9]" name="FacebookLoginandLogout" duration-ms="8737" started-at="2023-04-16T14:41:49 IST" data-provider="testdata" finished-at="2023-04-16T14:41:58 IST">
          <params>
            <param index="0">
              <value>
                <![CDATA[kumar.sathish189@gmail.com]]>
              </value>
            </param>
            <param index="1">
              <value>
                <![CDATA[Admin@123]]>
              </value>
            </param>
          </params>
          <reporter-output>
          </reporter-output>
        </test-method> <!-- FacebookLoginandLogout -->
        <test-method status="PASS" signature="FacebookLoginandLogout(java.lang.String,java.lang.String)[pri:0, instance:Testcase.FacebookLoginandLogout@67b467e9]" name="FacebookLoginandLogout" duration-ms="8985" started-at="2023-04-16T14:41:58 IST" data-provider="testdata" finished-at="2023-04-16T14:42:07 IST">
          <params>
            <param index="0">
              <value>
                <![CDATA[kumar.sathish189@gmail.com]]>
              </value>
            </param>
            <param index="1">
              <value>
                <![CDATA[Admin@123]]>
              </value>
            </param>
          </params>
          <reporter-output>
          </reporter-output>
        </test-method> <!-- FacebookLoginandLogout -->
        <test-method status="FAIL" signature="FacebookInvalidLogin()[pri:1, instance:Testcase.FacebookLoginandLogout@67b467e9]" name="FacebookInvalidLogin" duration-ms="5249" started-at="2023-04-16T14:42:07 IST" finished-at="2023-04-16T14:42:12 IST">
          <exception class="java.lang.AssertionError">
            <message>
              <![CDATA[expected [The email address or mobile number you entered isn't connected to an account. Find your account and log in.] but found [The email address or mobile number you entered isn't connected to an account. Create a new Facebook account.]]]>
            </message>
            <full-stacktrace>
              <![CDATA[java.lang.AssertionError: expected [The email address or mobile number you entered isn't connected to an account. Find your account and log in.] but found [The email address or mobile number you entered isn't connected to an account. Create a new Facebook account.]
at org.testng.Assert.fail(Assert.java:99)
at org.testng.Assert.failNotEquals(Assert.java:1037)
at org.testng.Assert.assertEqualsImpl(Assert.java:140)
at org.testng.Assert.assertEquals(Assert.java:122)
at org.testng.Assert.assertEquals(Assert.java:629)
at org.testng.Assert.assertEquals(Assert.java:639)
at Testcase.FacebookLoginandLogout.FacebookInvalidLogin(FacebookLoginandLogout.java:98)
at sun.reflect.NativeMethodAccessorImpl.invoke0(Native Method)
at sun.reflect.NativeMethodAccessorImpl.invoke(NativeMethodAccessorImpl.java:62)
at sun.reflect.DelegatingMethodAccessorImpl.invoke(DelegatingMethodAccessorImpl.java:43)
at java.lang.reflect.Method.invoke(Method.java:498)
at org.testng.internal.MethodInvocationHelper.invokeMethod(MethodInvocationHelper.java:133)
at org.testng.internal.TestInvoker.invokeMethod(TestInvoker.java:598)
at org.testng.internal.TestInvoker.invokeTestMethod(TestInvoker.java:173)
at org.testng.internal.MethodRunner.runInSequence(MethodRunner.java:46)
at org.testng.internal.TestInvoker$MethodInvocationAgent.invoke(TestInvoker.java:824)
at org.testng.internal.TestInvoker.invokeTestMethods(TestInvoker.java:146)
at org.testng.internal.TestMethodWorker.invokeTestMethods(TestMethodWorker.java:146)
at org.testng.internal.TestMethodWorker.run(TestMethodWorker.java:128)
at java.util.ArrayList.forEach(ArrayList.java:1259)
at org.testng.TestRunner.privateRun(TestRunner.java:794)
at org.testng.TestRunner.run(TestRunner.java:596)
at org.testng.SuiteRunner.runTest(SuiteRunner.java:377)
at org.testng.SuiteRunner.access$000(SuiteRunner.java:28)
at org.testng.SuiteRunner$SuiteWorker.run(SuiteRunner.java:418)
at org.testng.internal.thread.ThreadUtil.lambda$execute$0(ThreadUtil.java:64)
at java.util.concurrent.FutureTask.run(FutureTask.java:266)
at java.util.concurrent.ThreadPoolExecutor.runWorker(ThreadPoolExecutor.java:1149)
at java.util.concurrent.ThreadPoolExecutor$Worker.run(ThreadPoolExecutor.java:624)
at java.lang.Thread.run(Thread.java:748)
]]>
            </full-stacktrace>
          </exception> <!-- java.lang.AssertionError -->
          <reporter-output>
          </reporter-output>
        </test-method> <!-- FacebookInvalidLogin -->
      </class> <!-- Testcase.FacebookLoginandLogout -->
    </test> <!-- Sanity -->
    <test name="SIT" duration-ms="74128" started-at="2023-04-16T14:41:22 IST" finished-at="2023-04-16T14:42:36 IST">
      <class name="Testcase.FacebookLoginandLogout">
        <test-method status="PASS" signature="EnterURL(java.lang.String)[pri:0, instance:Testcase.FacebookLoginandLogout@543788f3]" name="EnterURL" is-config="true" duration-ms="5769" started-at="2023-04-16T14:41:22 IST" finished-at="2023-04-16T14:41:28 IST">
          <params>
            <param index="0">
              <value>
                <![CDATA[edge]]>
              </value>
            </param>
          </params>
          <reporter-output>
          </reporter-output>
        </test-method> <!-- EnterURL -->
        <test-method status="PASS" signature="FacebookLoginandLogout(java.lang.String,java.lang.String)[pri:0, instance:Testcase.FacebookLoginandLogout@543788f3]" name="FacebookLoginandLogout" duration-ms="20777" started-at="2023-04-16T14:41:28 IST" data-provider="testdata" finished-at="2023-04-16T14:41:49 IST">
          <params>
            <param index="0">
              <value>
                <![CDATA[kumar.sathish189@gmail.com]]>
              </value>
            </param>
            <param index="1">
              <value>
                <![CDATA[Admin@123]]>
              </value>
            </param>
          </params>
          <reporter-output>
          </reporter-output>
        </test-method> <!-- FacebookLoginandLogout -->
        <test-method status="PASS" signature="FacebookLoginandLogout(java.lang.String,java.lang.String)[pri:0, instance:Testcase.FacebookLoginandLogout@543788f3]" name="FacebookLoginandLogout" duration-ms="20705" started-at="2023-04-16T14:41:49 IST" data-provider="testdata" finished-at="2023-04-16T14:42:09 IST">
          <params>
            <param index="0">
              <value>
                <![CDATA[kumar.sathish189@gmail.com]]>
              </value>
            </param>
            <param index="1">
              <value>
                <![CDATA[Admin@123]]>
              </value>
            </param>
          </params>
          <reporter-output>
          </reporter-output>
        </test-method> <!-- FacebookLoginandLogout -->
        <test-method status="PASS" signature="FacebookLoginandLogout(java.lang.String,java.lang.String)[pri:0, instance:Testcase.FacebookLoginandLogout@543788f3]" name="FacebookLoginandLogout" duration-ms="10189" started-at="2023-04-16T14:42:09 IST" data-provider="testdata" finished-at="2023-04-16T14:42:20 IST">
          <params>
            <param index="0">
              <value>
                <![CDATA[kumar.sathish189@gmail.com]]>
              </value>
            </param>
            <param index="1">
              <value>
                <![CDATA[Admin@123]]>
              </value>
            </param>
          </params>
          <reporter-output>
          </reporter-output>
        </test-method> <!-- FacebookLoginandLogout -->
        <test-method status="PASS" signature="FacebookLoginandLogout(java.lang.String,java.lang.String)[pri:0, instance:Testcase.FacebookLoginandLogout@543788f3]" name="FacebookLoginandLogout" duration-ms="11135" started-at="2023-04-16T14:42:20 IST" data-provider="testdata" finished-at="2023-04-16T14:42:31 IST">
          <params>
            <param index="0">
              <value>
                <![CDATA[kumar.sathish189@gmail.com]]>
              </value>
            </param>
            <param index="1">
              <value>
                <![CDATA[Admin@123]]>
              </value>
            </param>
          </params>
          <reporter-output>
          </reporter-output>
        </test-method> <!-- FacebookLoginandLogout -->
        <test-method status="FAIL" signature="FacebookInvalidLogin()[pri:1, instance:Testcase.FacebookLoginandLogout@543788f3]" name="FacebookInvalidLogin" duration-ms="5525" started-at="2023-04-16T14:42:31 IST" finished-at="2023-04-16T14:42:36 IST">
          <exception class="java.lang.AssertionError">
            <message>
              <![CDATA[expected [The email address or mobile number you entered isn't connected to an account. Find your account and log in.] but found [The email address or mobile number you entered isn't connected to an account. Create a new Facebook account.]]]>
            </message>
            <full-stacktrace>
              <![CDATA[java.lang.AssertionError: expected [The email address or mobile number you entered isn't connected to an account. Find your account and log in.] but found [The email address or mobile number you entered isn't connected to an account. Create a new Facebook account.]
at org.testng.Assert.fail(Assert.java:99)
at org.testng.Assert.failNotEquals(Assert.java:1037)
at org.testng.Assert.assertEqualsImpl(Assert.java:140)
at org.testng.Assert.assertEquals(Assert.java:122)
at org.testng.Assert.assertEquals(Assert.java:629)
at org.testng.Assert.assertEquals(Assert.java:639)
at Testcase.FacebookLoginandLogout.FacebookInvalidLogin(FacebookLoginandLogout.java:98)
at sun.reflect.NativeMethodAccessorImpl.invoke0(Native Method)
at sun.reflect.NativeMethodAccessorImpl.invoke(NativeMethodAccessorImpl.java:62)
at sun.reflect.DelegatingMethodAccessorImpl.invoke(DelegatingMethodAccessorImpl.java:43)
at java.lang.reflect.Method.invoke(Method.java:498)
at org.testng.internal.MethodInvocationHelper.invokeMethod(MethodInvocationHelper.java:133)
at org.testng.internal.TestInvoker.invokeMethod(TestInvoker.java:598)
at org.testng.internal.TestInvoker.invokeTestMethod(TestInvoker.java:173)
at org.testng.internal.MethodRunner.runInSequence(MethodRunner.java:46)
at org.testng.internal.TestInvoker$MethodInvocationAgent.invoke(TestInvoker.java:824)
at org.testng.internal.TestInvoker.invokeTestMethods(TestInvoker.java:146)
at org.testng.internal.TestMethodWorker.invokeTestMethods(TestMethodWorker.java:146)
at org.testng.internal.TestMethodWorker.run(TestMethodWorker.java:128)
at java.util.ArrayList.forEach(ArrayList.java:1259)
at org.testng.TestRunner.privateRun(TestRunner.java:794)
at org.testng.TestRunner.run(TestRunner.java:596)
at org.testng.SuiteRunner.runTest(SuiteRunner.java:377)
at org.testng.SuiteRunner.access$000(SuiteRunner.java:28)
at org.testng.SuiteRunner$SuiteWorker.run(SuiteRunner.java:418)
at org.testng.internal.thread.ThreadUtil.lambda$execute$0(ThreadUtil.java:64)
at java.util.concurrent.FutureTask.run(FutureTask.java:266)
at java.util.concurrent.ThreadPoolExecutor.runWorker(ThreadPoolExecutor.java:1149)
at java.util.concurrent.ThreadPoolExecutor$Worker.run(ThreadPoolExecutor.java:624)
at java.lang.Thread.run(Thread.java:748)
]]>
            </full-stacktrace>
          </exception> <!-- java.lang.AssertionError -->
          <reporter-output>
          </reporter-output>
        </test-method> <!-- FacebookInvalidLogin -->
        <test-method status="FAIL" signature="TearDown()[pri:0, instance:Testcase.FacebookLoginandLogout@543788f3]" name="TearDown" is-config="true" duration-ms="165" started-at="2023-04-16T14:42:36 IST" finished-at="2023-04-16T14:42:36 IST">
          <exception class="java.lang.NullPointerException">
            <full-stacktrace>
              <![CDATA[java.lang.NullPointerException
at Testcase.FacebookLoginandLogout.TearDown(FacebookLoginandLogout.java:109)
at sun.reflect.NativeMethodAccessorImpl.invoke0(Native Method)
at sun.reflect.NativeMethodAccessorImpl.invoke(NativeMethodAccessorImpl.java:62)
at sun.reflect.DelegatingMethodAccessorImpl.invoke(DelegatingMethodAccessorImpl.java:43)
at java.lang.reflect.Method.invoke(Method.java:498)
at org.testng.internal.MethodInvocationHelper.invokeMethod(MethodInvocationHelper.java:133)
at org.testng.internal.MethodInvocationHelper.invokeMethodConsideringTimeout(MethodInvocationHelper.java:62)
at org.testng.internal.ConfigInvoker.invokeConfigurationMethod(ConfigInvoker.java:385)
at org.testng.internal.ConfigInvoker.invokeConfigurations(ConfigInvoker.java:321)
at org.testng.SuiteRunner.privateRun(SuiteRunner.java:344)
at org.testng.SuiteRunner.run(SuiteRunner.java:276)
at org.testng.SuiteRunnerWorker.runSuite(SuiteRunnerWorker.java:53)
at org.testng.SuiteRunnerWorker.run(SuiteRunnerWorker.java:96)
at org.testng.TestNG.runSuitesSequentially(TestNG.java:1212)
at org.testng.TestNG.runSuitesLocally(TestNG.java:1134)
at org.testng.TestNG.runSuites(TestNG.java:1063)
at org.testng.TestNG.run(TestNG.java:1031)
at org.testng.remote.AbstractRemoteTestNG.run(AbstractRemoteTestNG.java:115)
at org.testng.remote.RemoteTestNG.initAndRun(RemoteTestNG.java:251)
at org.testng.remote.RemoteTestNG.main(RemoteTestNG.java:77)
]]>
            </full-stacktrace>
          </exception> <!-- java.lang.NullPointerException -->
          <reporter-output>
          </reporter-output>
        </test-method> <!-- TearDown -->
      </class> <!-- Testcase.FacebookLoginandLogout -->
    </test> <!-- SIT -->
  </suite> <!-- Suite -->
</testng-results>
